[ 2018-09-22T16:01:52+08:00 ] 125.34.222.245 /Admin/Tourist/check.html
INFO: [ app_begin ] --START--
INFO: Run Behavior\ReadHtmlCacheBehavior [ RunTime:0.000401s ]
INFO: [ app_begin ] --END-- [ RunTime:0.000662s ]
NOTIC: [8] Undefined index: PROCESSOR_IDENTIFIER /home/application/www.plgox.com/Application/Admin/Controller/CommonController.class.php 第 25 行.
SQL: SHOW COLUMNS FROM `plgox_member` [ RunTime:0.0006s ]
NOTIC: [8] Undefined index: plgox_user /home/application/www.plgox.com/Application/Admin/Controller/CommonController.class.php 第 38 行.
SQL: SELECT * FROM `plgox_member` WHERE `plgox_id` = null LIMIT 1   [ RunTime:0.0002s ]
SQL: SELECT COUNT(*) AS tp_count FROM `plgox_member` WHERE `plgox_usertype` IN ('0','1','2') LIMIT 1   [ RunTime:0.0002s ]
SQL: SELECT COUNT(*) AS tp_count FROM `plgox_member` WHERE `plgox_usertype` IN ('3','4') LIMIT 1   [ RunTime:0.0002s ]
SQL: SHOW COLUMNS FROM `plgox_member` [ RunTime:0.0004s ]
SQL: SELECT * FROM `plgox_member` WHERE `plgox_user` = 'admin' AND `plgox_pwd` = '132f0ea0c9e643429827b5deb9dd7449' AND `plgox_usertype` IN ('0','1','2') LIMIT 1   [ RunTime:0.0003s ]
SQL: UPDATE `plgox_member` SET `plgox_loginumer`=plgox_loginumer+1 WHERE `plgox_id` = 1 [ RunTime:0.0158s ]

[ 2018-09-22T16:02:26+08:00 ] 125.34.222.245 /Admin/Qiye/renzheng_del.html
INFO: [ app_begin ] --START--
INFO: Run Behavior\ReadHtmlCacheBehavior [ RunTime:0.000369s ]
INFO: [ app_begin ] --END-- [ RunTime:0.000694s ]
NOTIC: [8] Undefined index: PROCESSOR_IDENTIFIER /home/application/www.plgox.com/Application/Admin/Controller/CommonController.class.php 第 25 行.
SQL: SHOW COLUMNS FROM `plgox_member` [ RunTime:0.0005s ]
SQL: SELECT * FROM `plgox_member` WHERE `plgox_id` = 1 LIMIT 1   [ RunTime:0.0002s ]
SQL: SELECT COUNT(*) AS tp_count FROM `plgox_member` WHERE `plgox_usertype` IN ('0','1','2') LIMIT 1   [ RunTime:0.0002s ]
SQL: SELECT COUNT(*) AS tp_count FROM `plgox_member` WHERE `plgox_usertype` IN ('3','4') LIMIT 1   [ RunTime:0.0002s ]
SQL: SHOW COLUMNS FROM `plgox_renzheng` [ RunTime:0.0004s ]
SQL: DELETE FROM `plgox_renzheng` WHERE `renzheng_id` IN ('22','23','48','49') [ RunTime:0.0248s ]

[ 2018-09-22T16:02:43+08:00 ] 125.34.222.245 /Admin/Qiye/renzheng_del.html
INFO: [ app_begin ] --START--
INFO: Run Behavior\ReadHtmlCacheBehavior [ RunTime:0.000309s ]
INFO: [ app_begin ] --END-- [ RunTime:0.000524s ]
NOTIC: [8] Undefined index: PROCESSOR_IDENTIFIER /home/application/www.plgox.com/Application/Admin/Controller/CommonController.class.php 第 25 行.
SQL: SHOW COLUMNS FROM `plgox_member` [ RunTime:0.0006s ]
SQL: SELECT * FROM `plgox_member` WHERE `plgox_id` = 1 LIMIT 1   [ RunTime:0.0003s ]
SQL: SELECT COUNT(*) AS tp_count FROM `plgox_member` WHERE `plgox_usertype` IN ('0','1','2') LIMIT 1   [ RunTime:0.0002s ]
SQL: SELECT COUNT(*) AS tp_count FROM `plgox_member` WHERE `plgox_usertype` IN ('3','4') LIMIT 1   [ RunTime:0.0001s ]
SQL: SHOW COLUMNS FROM `plgox_renzheng` [ RunTime:0.0004s ]
SQL: DELETE FROM `plgox_renzheng` WHERE `renzheng_id` IN ('29','41','47','50') [ RunTime:0.0173s ]

[ 2018-09-22T16:02:52+08:00 ] 125.34.222.245 /Admin/Qiye/sjrz_del.html
INFO: [ app_begin ] --START--
INFO: Run Behavior\ReadHtmlCacheBehavior [ RunTime:0.000463s ]
INFO: [ app_begin ] --END-- [ RunTime:0.000735s ]
NOTIC: [8] Undefined index: PROCESSOR_IDENTIFIER /home/application/www.plgox.com/Application/Admin/Controller/CommonController.class.php 第 25 行.
SQL: SHOW COLUMNS FROM `plgox_member` [ RunTime:0.0006s ]
SQL: SELECT * FROM `plgox_member` WHERE `plgox_id` = 1 LIMIT 1   [ RunTime:0.0003s ]
SQL: SELECT COUNT(*) AS tp_count FROM `plgox_member` WHERE `plgox_usertype` IN ('0','1','2') LIMIT 1   [ RunTime:0.0002s ]
SQL: SELECT COUNT(*) AS tp_count FROM `plgox_member` WHERE `plgox_usertype` IN ('3','4') LIMIT 1   [ RunTime:0.0002s ]
SQL: SHOW COLUMNS FROM `plgox_shop_center` [ RunTime:0.0004s ]
SQL: DELETE FROM `plgox_shop_center` WHERE `shop_id` IN ('27','28') [ RunTime:0.0158s ]

[ 2018-09-22T16:02:57+08:00 ] 125.34.222.245 /Admin/Qiye/sjrz_del.html
INFO: [ app_begin ] --START--
INFO: Run Behavior\ReadHtmlCacheBehavior [ RunTime:0.000322s ]
INFO: [ app_begin ] --END-- [ RunTime:0.000585s ]
NOTIC: [8] Undefined index: PROCESSOR_IDENTIFIER /home/application/www.plgox.com/Application/Admin/Controller/CommonController.class.php 第 25 行.
SQL: SHOW COLUMNS FROM `plgox_member` [ RunTime:0.0006s ]
SQL: SELECT * FROM `plgox_member` WHERE `plgox_id` = 1 LIMIT 1   [ RunTime:0.0003s ]
SQL: SELECT COUNT(*) AS tp_count FROM `plgox_member` WHERE `plgox_usertype` IN ('0','1','2') LIMIT 1   [ RunTime:0.0002s ]
SQL: SELECT COUNT(*) AS tp_count FROM `plgox_member` WHERE `plgox_usertype` IN ('3','4') LIMIT 1   [ RunTime:0.0001s ]
SQL: SHOW COLUMNS FROM `plgox_shop_center` [ RunTime:0.0004s ]
SQL: DELETE FROM `plgox_shop_center` WHERE `shop_id` IN ('29','31','32','33') [ RunTime:0.0161s ]

[ 2018-09-22T16:03:18+08:00 ] 125.34.222.245 /Admin/Share/share_classify_erji
INFO: [ app_begin ] --START--
INFO: Run Behavior\ReadHtmlCacheBehavior [ RunTime:0.000359s ]
INFO: [ app_begin ] --END-- [ RunTime:0.000587s ]
NOTIC: [8] Undefined index: PROCESSOR_IDENTIFIER /home/application/www.plgox.com/Application/Admin/Controller/CommonController.class.php 第 25 行.
SQL: SHOW COLUMNS FROM `plgox_member` [ RunTime:0.0005s ]
SQL: SELECT * FROM `plgox_member` WHERE `plgox_id` = 1 LIMIT 1   [ RunTime:0.0002s ]
SQL: SELECT COUNT(*) AS tp_count FROM `plgox_member` WHERE `plgox_usertype` IN ('0','1','2') LIMIT 1   [ RunTime:0.0002s ]
SQL: SELECT COUNT(*) AS tp_count FROM `plgox_member` WHERE `plgox_usertype` IN ('3','4') LIMIT 1   [ RunTime:0.0002s ]
SQL: SHOW COLUMNS FROM `plgox_classify` [ RunTime:0.0003s ]
SQL: SELECT * FROM `plgox_classify` WHERE `classify_pid` = 82  [ RunTime:0.0002s ]

[ 2018-09-22T16:03:19+08:00 ] 125.34.222.245 /Admin/Share/share_classify_sanji
INFO: [ app_begin ] --START--
INFO: Run Behavior\ReadHtmlCacheBehavior [ RunTime:0.000478s ]
INFO: [ app_begin ] --END-- [ RunTime:0.000897s ]
NOTIC: [8] Undefined index: PROCESSOR_IDENTIFIER /home/application/www.plgox.com/Application/Admin/Controller/CommonController.class.php 第 25 行.
SQL: SHOW COLUMNS FROM `plgox_member` [ RunTime:0.0005s ]
SQL: SELECT * FROM `plgox_member` WHERE `plgox_id` = 1 LIMIT 1   [ RunTime:0.0002s ]
SQL: SELECT COUNT(*) AS tp_count FROM `plgox_member` WHERE `plgox_usertype` IN ('0','1','2') LIMIT 1   [ RunTime:0.0002s ]
SQL: SELECT COUNT(*) AS tp_count FROM `plgox_member` WHERE `plgox_usertype` IN ('3','4') LIMIT 1   [ RunTime:0.0001s ]
SQL: SHOW COLUMNS FROM `plgox_classify` [ RunTime:0.0003s ]
SQL: SELECT * FROM `plgox_classify` WHERE `classify_pid` = 131  [ RunTime:0.0002s ]

[ 2018-09-22T16:03:33+08:00 ] 125.34.222.245 /Admin/Share/classify_del.html
INFO: [ app_begin ] --START--
INFO: Run Behavior\ReadHtmlCacheBehavior [ RunTime:0.000505s ]
INFO: [ app_begin ] --END-- [ RunTime:0.000792s ]
NOTIC: [8] Undefined index: PROCESSOR_IDENTIFIER /home/application/www.plgox.com/Application/Admin/Controller/CommonController.class.php 第 25 行.
SQL: SHOW COLUMNS FROM `plgox_member` [ RunTime:0.0006s ]
SQL: SELECT * FROM `plgox_member` WHERE `plgox_id` = 1 LIMIT 1   [ RunTime:0.0003s ]
SQL: SELECT COUNT(*) AS tp_count FROM `plgox_member` WHERE `plgox_usertype` IN ('0','1','2') LIMIT 1   [ RunTime:0.0002s ]
SQL: SELECT COUNT(*) AS tp_count FROM `plgox_member` WHERE `plgox_usertype` IN ('3','4') LIMIT 1   [ RunTime:0.0002s ]
SQL: SHOW COLUMNS FROM `plgox_classify` [ RunTime:0.0003s ]
SQL: SELECT * FROM `plgox_classify` WHERE `classify_pid` IN ('443','444','445','449','450','451','452','453','456','457')  [ RunTime:0.0002s ]
SQL: DELETE FROM `plgox_classify` WHERE `classify_id` IN ('443','444','445','449','450','451','452','453','456','457') [ RunTime:0.0081s ]

[ 2018-09-22T16:03:37+08:00 ] 125.34.222.245 /Admin/Share/classify_del.html
INFO: [ app_begin ] --START--
INFO: Run Behavior\ReadHtmlCacheBehavior [ RunTime:0.000374s ]
INFO: [ app_begin ] --END-- [ RunTime:0.000619s ]
NOTIC: [8] Undefined index: PROCESSOR_IDENTIFIER /home/application/www.plgox.com/Application/Admin/Controller/CommonController.class.php 第 25 行.
SQL: SHOW COLUMNS FROM `plgox_member` [ RunTime:0.0006s ]
SQL: SELECT * FROM `plgox_member` WHERE `plgox_id` = 1 LIMIT 1   [ RunTime:0.0003s ]
SQL: SELECT COUNT(*) AS tp_count FROM `plgox_member` WHERE `plgox_usertype` IN ('0','1','2') LIMIT 1   [ RunTime:0.0002s ]
SQL: SELECT COUNT(*) AS tp_count FROM `plgox_member` WHERE `plgox_usertype` IN ('3','4') LIMIT 1   [ RunTime:0.0001s ]
SQL: SHOW COLUMNS FROM `plgox_classify` [ RunTime:0.0003s ]
SQL: SELECT * FROM `plgox_classify` WHERE `classify_pid` IN ('443','444','445','449','450','451','452','453','456','457')  [ RunTime:0.0002s ]
SQL: DELETE FROM `plgox_classify` WHERE `classify_id` IN ('443','444','445','449','450','451','452','453','456','457') [ RunTime:0.0116s ]

[ 2018-09-22T16:03:40+08:00 ] 125.34.222.245 /Admin/Share/classify_del.html
INFO: [ app_begin ] --START--
INFO: Run Behavior\ReadHtmlCacheBehavior [ RunTime:0.000506s ]
INFO: [ app_begin ] --END-- [ RunTime:0.000835s ]
NOTIC: [8] Undefined index: PROCESSOR_IDENTIFIER /home/application/www.plgox.com/Application/Admin/Controller/CommonController.class.php 第 25 行.
SQL: SHOW COLUMNS FROM `plgox_member` [ RunTime:0.0005s ]
SQL: SELECT * FROM `plgox_member` WHERE `plgox_id` = 1 LIMIT 1   [ RunTime:0.0002s ]
SQL: SELECT COUNT(*) AS tp_count FROM `plgox_member` WHERE `plgox_usertype` IN ('0','1','2') LIMIT 1   [ RunTime:0.0002s ]
SQL: SELECT COUNT(*) AS tp_count FROM `plgox_member` WHERE `plgox_usertype` IN ('3','4') LIMIT 1   [ RunTime:0.0002s ]
SQL: SHOW COLUMNS FROM `plgox_classify` [ RunTime:0.0004s ]
SQL: SELECT * FROM `plgox_classify` WHERE `classify_pid` IN ('443','444','445','449','450','451','452','453','456','457')  [ RunTime:0.0002s ]
SQL: DELETE FROM `plgox_classify` WHERE `classify_id` IN ('443','444','445','449','450','451','452','453','456','457') [ RunTime:0.0144s ]

[ 2018-09-22T16:03:52+08:00 ] 125.34.222.245 /Admin/Share/classify_del.html
INFO: [ app_begin ] --START--
INFO: Run Behavior\ReadHtmlCacheBehavior [ RunTime:0.000330s ]
INFO: [ app_begin ] --END-- [ RunTime:0.000556s ]
NOTIC: [8] Undefined index: PROCESSOR_IDENTIFIER /home/application/www.plgox.com/Application/Admin/Controller/CommonController.class.php 第 25 行.
SQL: SHOW COLUMNS FROM `plgox_member` [ RunTime:0.0006s ]
SQL: SELECT * FROM `plgox_member` WHERE `plgox_id` = 1 LIMIT 1   [ RunTime:0.0002s ]
SQL: SELECT COUNT(*) AS tp_count FROM `plgox_member` WHERE `plgox_usertype` IN ('0','1','2') LIMIT 1   [ RunTime:0.0002s ]
SQL: SELECT COUNT(*) AS tp_count FROM `plgox_member` WHERE `plgox_usertype` IN ('3','4') LIMIT 1   [ RunTime:0.0002s ]
SQL: SHOW COLUMNS FROM `plgox_classify` [ RunTime:0.0004s ]
SQL: SELECT * FROM `plgox_classify` WHERE `classify_pid` IN ('442','446','447','448','454','455')  [ RunTime:0.0002s ]
SQL: DELETE FROM `plgox_classify` WHERE `classify_id` IN ('442','446','447','448','454','455') [ RunTime:0.0068s ]

